{"/Users/miguelibrahim/Desktop/DesiCo/web-gen-app/src/App.js": {"path":"/Users/miguelibrahim/Desktop/DesiCo/web-gen-app/src/App.js","statementMap":{"0":{"start":{"line":7,"column":4},"end":{"line":14,"column":6}}},"fnMap":{"0":{"name":"App","decl":{"start":{"line":6,"column":9},"end":{"line":6,"column":12}},"loc":{"start":{"line":6,"column":15},"end":{"line":15,"column":1}},"line":6}},"branchMap":{},"s":{"0":0},"f":{"0":0},"b":{}}
,"/Users/miguelibrahim/Desktop/DesiCo/web-gen-app/src/ResultsPage.jsx": {"path":"/Users/miguelibrahim/Desktop/DesiCo/web-gen-app/src/ResultsPage.jsx","statementMap":{"0":{"start":{"line":10,"column":19},"end":{"line":10,"column":32}},"1":{"start":{"line":11,"column":28},"end":{"line":11,"column":48}},"2":{"start":{"line":13,"column":50},"end":{"line":13,"column":66}},"3":{"start":{"line":14,"column":38},"end":{"line":14,"column":53}},"4":{"start":{"line":15,"column":46},"end":{"line":15,"column":58}},"5":{"start":{"line":16,"column":34},"end":{"line":16,"column":49}},"6":{"start":{"line":18,"column":2},"end":{"line":20,"column":25}},"7":{"start":{"line":19,"column":4},"end":{"line":19,"column":25}},"8":{"start":{"line":22,"column":2},"end":{"line":34,"column":9}},"9":{"start":{"line":23,"column":25},"end":{"line":26,"column":5}},"10":{"start":{"line":24,"column":28},"end":{"line":24,"column":45}},"11":{"start":{"line":25,"column":6},"end":{"line":25,"column":39}},"12":{"start":{"line":28,"column":4},"end":{"line":28,"column":19}},"13":{"start":{"line":29,"column":4},"end":{"line":29,"column":52}},"14":{"start":{"line":31,"column":4},"end":{"line":33,"column":6}},"15":{"start":{"line":32,"column":6},"end":{"line":32,"column":57}},"16":{"start":{"line":36,"column":2},"end":{"line":41,"column":22}},"17":{"start":{"line":38,"column":4},"end":{"line":40,"column":5}},"18":{"start":{"line":39,"column":6},"end":{"line":39,"column":44}},"19":{"start":{"line":43,"column":23},"end":{"line":50,"column":3}},"20":{"start":{"line":44,"column":4},"end":{"line":44,"column":34}},"21":{"start":{"line":45,"column":4},"end":{"line":49,"column":5}},"22":{"start":{"line":46,"column":6},"end":{"line":46,"column":51}},"23":{"start":{"line":47,"column":11},"end":{"line":49,"column":5}},"24":{"start":{"line":48,"column":6},"end":{"line":48,"column":28}},"25":{"start":{"line":52,"column":26},"end":{"line":54,"column":3}},"26":{"start":{"line":53,"column":4},"end":{"line":53,"column":20}},"27":{"start":{"line":56,"column":32},"end":{"line":63,"column":3}},"28":{"start":{"line":57,"column":4},"end":{"line":62,"column":7}},"29":{"start":{"line":58,"column":6},"end":{"line":58,"column":26}},"30":{"start":{"line":59,"column":6},"end":{"line":59,"column":51}},"31":{"start":{"line":59,"column":23},"end":{"line":59,"column":43}},"32":{"start":{"line":61,"column":6},"end":{"line":61,"column":45}},"33":{"start":{"line":64,"column":2},"end":{"line":66,"column":3}},"34":{"start":{"line":65,"column":4},"end":{"line":65,"column":76}},"35":{"start":{"line":68,"column":19},"end":{"line":68,"column":32}},"36":{"start":{"line":70,"column":2},"end":{"line":144,"column":4}},"37":{"start":{"line":94,"column":35},"end":{"line":94,"column":55}},"38":{"start":{"line":100,"column":35},"end":{"line":100,"column":54}},"39":{"start":{"line":106,"column":63},"end":{"line":106,"column":90}}},"fnMap":{"0":{"name":"ResultsPage","decl":{"start":{"line":9,"column":9},"end":{"line":9,"column":20}},"loc":{"start":{"line":9,"column":23},"end":{"line":145,"column":1}},"line":9},"1":{"name":"(anonymous_1)","decl":{"start":{"line":18,"column":12},"end":{"line":18,"column":13}},"loc":{"start":{"line":18,"column":18},"end":{"line":20,"column":3}},"line":18},"2":{"name":"(anonymous_2)","decl":{"start":{"line":22,"column":12},"end":{"line":22,"column":13}},"loc":{"start":{"line":22,"column":18},"end":{"line":34,"column":3}},"line":22},"3":{"name":"(anonymous_3)","decl":{"start":{"line":23,"column":25},"end":{"line":23,"column":26}},"loc":{"start":{"line":23,"column":31},"end":{"line":26,"column":5}},"line":23},"4":{"name":"(anonymous_4)","decl":{"start":{"line":31,"column":11},"end":{"line":31,"column":12}},"loc":{"start":{"line":31,"column":17},"end":{"line":33,"column":5}},"line":31},"5":{"name":"(anonymous_5)","decl":{"start":{"line":36,"column":12},"end":{"line":36,"column":13}},"loc":{"start":{"line":36,"column":18},"end":{"line":41,"column":3}},"line":36},"6":{"name":"(anonymous_6)","decl":{"start":{"line":43,"column":23},"end":{"line":43,"column":24}},"loc":{"start":{"line":43,"column":37},"end":{"line":50,"column":3}},"line":43},"7":{"name":"(anonymous_7)","decl":{"start":{"line":52,"column":26},"end":{"line":52,"column":27}},"loc":{"start":{"line":52,"column":40},"end":{"line":54,"column":3}},"line":52},"8":{"name":"(anonymous_8)","decl":{"start":{"line":56,"column":32},"end":{"line":56,"column":33}},"loc":{"start":{"line":56,"column":42},"end":{"line":63,"column":3}},"line":56},"9":{"name":"(anonymous_9)","decl":{"start":{"line":57,"column":45},"end":{"line":57,"column":46}},"loc":{"start":{"line":57,"column":51},"end":{"line":60,"column":5}},"line":57},"10":{"name":"(anonymous_10)","decl":{"start":{"line":59,"column":17},"end":{"line":59,"column":18}},"loc":{"start":{"line":59,"column":23},"end":{"line":59,"column":43}},"line":59},"11":{"name":"(anonymous_11)","decl":{"start":{"line":60,"column":13},"end":{"line":60,"column":14}},"loc":{"start":{"line":60,"column":22},"end":{"line":62,"column":5}},"line":60},"12":{"name":"(anonymous_12)","decl":{"start":{"line":94,"column":29},"end":{"line":94,"column":30}},"loc":{"start":{"line":94,"column":35},"end":{"line":94,"column":55}},"line":94},"13":{"name":"(anonymous_13)","decl":{"start":{"line":100,"column":29},"end":{"line":100,"column":30}},"loc":{"start":{"line":100,"column":35},"end":{"line":100,"column":54}},"line":100},"14":{"name":"(anonymous_14)","decl":{"start":{"line":106,"column":57},"end":{"line":106,"column":58}},"loc":{"start":{"line":106,"column":63},"end":{"line":106,"column":90}},"line":106}},"branchMap":{"0":{"loc":{"start":{"line":11,"column":28},"end":{"line":11,"column":48}},"type":"binary-expr","locations":[{"start":{"line":11,"column":28},"end":{"line":11,"column":42}},{"start":{"line":11,"column":46},"end":{"line":11,"column":48}}],"line":11},"1":{"loc":{"start":{"line":38,"column":4},"end":{"line":40,"column":5}},"type":"if","locations":[{"start":{"line":38,"column":4},"end":{"line":40,"column":5}},{"start":{},"end":{}}],"line":38},"2":{"loc":{"start":{"line":45,"column":4},"end":{"line":49,"column":5}},"type":"if","locations":[{"start":{"line":45,"column":4},"end":{"line":49,"column":5}},{"start":{"line":47,"column":11},"end":{"line":49,"column":5}}],"line":45},"3":{"loc":{"start":{"line":46,"column":24},"end":{"line":46,"column":49}},"type":"binary-expr","locations":[{"start":{"line":46,"column":24},"end":{"line":46,"column":43}},{"start":{"line":46,"column":47},"end":{"line":46,"column":49}}],"line":46},"4":{"loc":{"start":{"line":47,"column":11},"end":{"line":49,"column":5}},"type":"if","locations":[{"start":{"line":47,"column":11},"end":{"line":49,"column":5}},{"start":{},"end":{}}],"line":47},"5":{"loc":{"start":{"line":64,"column":2},"end":{"line":66,"column":3}},"type":"if","locations":[{"start":{"line":64,"column":2},"end":{"line":66,"column":3}},{"start":{},"end":{}}],"line":64},"6":{"loc":{"start":{"line":89,"column":72},"end":{"line":89,"column":100}},"type":"cond-expr","locations":[{"start":{"line":89,"column":83},"end":{"line":89,"column":95}},{"start":{"line":89,"column":98},"end":{"line":89,"column":100}}],"line":89},"7":{"loc":{"start":{"line":93,"column":48},"end":{"line":93,"column":91}},"type":"cond-expr","locations":[{"start":{"line":93,"column":78},"end":{"line":93,"column":86}},{"start":{"line":93,"column":89},"end":{"line":93,"column":91}}],"line":93},"8":{"loc":{"start":{"line":99,"column":48},"end":{"line":99,"column":90}},"type":"cond-expr","locations":[{"start":{"line":99,"column":77},"end":{"line":99,"column":85}},{"start":{"line":99,"column":88},"end":{"line":99,"column":90}}],"line":99},"9":{"loc":{"start":{"line":107,"column":17},"end":{"line":107,"column":75}},"type":"binary-expr","locations":[{"start":{"line":107,"column":17},"end":{"line":107,"column":27}},{"start":{"line":107,"column":31},"end":{"line":107,"column":75}}],"line":107},"10":{"loc":{"start":{"line":111,"column":13},"end":{"line":117,"column":13}},"type":"binary-expr","locations":[{"start":{"line":111,"column":13},"end":{"line":111,"column":40}},{"start":{"line":112,"column":16},"end":{"line":116,"column":22}}],"line":111},"11":{"loc":{"start":{"line":120,"column":11},"end":{"line":141,"column":11}},"type":"binary-expr","locations":[{"start":{"line":120,"column":11},"end":{"line":120,"column":20}},{"start":{"line":121,"column":14},"end":{"line":140,"column":20}}],"line":120}},"s":{"0":8,"1":8,"2":8,"3":8,"4":8,"5":8,"6":8,"7":4,"8":8,"9":4,"10":5,"11":5,"12":4,"13":4,"14":4,"15":4,"16":8,"17":4,"18":3,"19":8,"20":0,"21":0,"22":0,"23":0,"24":0,"25":8,"26":7,"27":8,"28":1,"29":1,"30":1,"31":0,"32":0,"33":8,"34":1,"35":7,"36":7,"37":0,"38":0,"39":1},"f":{"0":8,"1":4,"2":4,"3":5,"4":4,"5":4,"6":0,"7":7,"8":1,"9":1,"10":0,"11":0,"12":0,"13":0,"14":1},"b":{"0":[8,1],"1":[3,1],"2":[0,0],"3":[0,0],"4":[0,0],"5":[1,7],"6":[1,6],"7":[7,0],"8":[0,7],"9":[7,0],"10":[7,7],"11":[7,6]},"_coverageSchema":"1a1c01bbd47fc00a2c39e90264f33305004495a9","hash":"18e5e3ae0d4c462dde678d7f8a91ab867a4a99e3"}
,"/Users/miguelibrahim/Desktop/DesiCo/web-gen-app/src/UploadPage.jsx": {"path":"/Users/miguelibrahim/Desktop/DesiCo/web-gen-app/src/UploadPage.jsx","statementMap":{"0":{"start":{"line":8,"column":36},"end":{"line":8,"column":48}},"1":{"start":{"line":9,"column":44},"end":{"line":9,"column":56}},"2":{"start":{"line":10,"column":32},"end":{"line":10,"column":47}},"3":{"start":{"line":11,"column":48},"end":{"line":11,"column":63}},"4":{"start":{"line":12,"column":22},"end":{"line":12,"column":34}},"5":{"start":{"line":13,"column":19},"end":{"line":13,"column":32}},"6":{"start":{"line":15,"column":17},"end":{"line":15,"column":53}},"7":{"start":{"line":18,"column":18},"end":{"line":27,"column":3}},"8":{"start":{"line":30,"column":29},"end":{"line":30,"column":115}},"9":{"start":{"line":32,"column":19},"end":{"line":32,"column":78}},"10":{"start":{"line":32,"column":25},"end":{"line":32,"column":78}},"11":{"start":{"line":34,"column":28},"end":{"line":38,"column":3}},"12":{"start":{"line":35,"column":4},"end":{"line":35,"column":37}},"13":{"start":{"line":36,"column":4},"end":{"line":36,"column":39}},"14":{"start":{"line":37,"column":4},"end":{"line":37,"column":116}},"15":{"start":{"line":41,"column":24},"end":{"line":46,"column":3}},"16":{"start":{"line":42,"column":24},"end":{"line":42,"column":49}},"17":{"start":{"line":43,"column":33},"end":{"line":43,"column":98}},"18":{"start":{"line":43,"column":68},"end":{"line":43,"column":97}},"19":{"start":{"line":44,"column":28},"end":{"line":44,"column":84}},"20":{"start":{"line":45,"column":4},"end":{"line":45,"column":51}},"21":{"start":{"line":48,"column":2},"end":{"line":54,"column":9}},"22":{"start":{"line":49,"column":4},"end":{"line":53,"column":5}},"23":{"start":{"line":50,"column":6},"end":{"line":50,"column":31}},"24":{"start":{"line":51,"column":24},"end":{"line":51,"column":73}},"25":{"start":{"line":51,"column":41},"end":{"line":51,"column":66}},"26":{"start":{"line":52,"column":6},"end":{"line":52,"column":43}},"27":{"start":{"line":52,"column":19},"end":{"line":52,"column":42}},"28":{"start":{"line":56,"column":23},"end":{"line":122,"column":3}},"29":{"start":{"line":57,"column":4},"end":{"line":57,"column":27}},"30":{"start":{"line":58,"column":4},"end":{"line":61,"column":5}},"31":{"start":{"line":59,"column":6},"end":{"line":59,"column":73}},"32":{"start":{"line":60,"column":6},"end":{"line":60,"column":13}},"33":{"start":{"line":63,"column":4},"end":{"line":63,"column":21}},"34":{"start":{"line":64,"column":4},"end":{"line":64,"column":38}},"35":{"start":{"line":66,"column":4},"end":{"line":121,"column":5}},"36":{"start":{"line":67,"column":33},"end":{"line":67,"column":38}},"37":{"start":{"line":68,"column":25},"end":{"line":68,"column":155}},"38":{"start":{"line":70,"column":23},"end":{"line":86,"column":7}},"39":{"start":{"line":88,"column":28},"end":{"line":88,"column":68}},"40":{"start":{"line":89,"column":24},"end":{"line":89,"column":77}},"41":{"start":{"line":90,"column":23},"end":{"line":90,"column":80}},"42":{"start":{"line":91,"column":22},"end":{"line":91,"column":81}},"43":{"start":{"line":93,"column":21},"end":{"line":93,"column":51}},"44":{"start":{"line":94,"column":20},"end":{"line":94,"column":48}},"45":{"start":{"line":96,"column":17},"end":{"line":96,"column":121}},"46":{"start":{"line":97,"column":6},"end":{"line":99,"column":7}},"47":{"start":{"line":98,"column":8},"end":{"line":98,"column":79}},"48":{"start":{"line":100,"column":6},"end":{"line":102,"column":7}},"49":{"start":{"line":101,"column":8},"end":{"line":101,"column":71}},"50":{"start":{"line":104,"column":28},"end":{"line":108,"column":7}},"51":{"start":{"line":110,"column":6},"end":{"line":114,"column":7}},"52":{"start":{"line":111,"column":8},"end":{"line":111,"column":74}},"53":{"start":{"line":113,"column":8},"end":{"line":113,"column":59}},"54":{"start":{"line":116,"column":6},"end":{"line":116,"column":24}},"55":{"start":{"line":118,"column":6},"end":{"line":118,"column":53}},"56":{"start":{"line":119,"column":6},"end":{"line":119,"column":67}},"57":{"start":{"line":120,"column":6},"end":{"line":120,"column":24}},"58":{"start":{"line":124,"column":2},"end":{"line":164,"column":4}}},"fnMap":{"0":{"name":"UploadPage","decl":{"start":{"line":7,"column":9},"end":{"line":7,"column":19}},"loc":{"start":{"line":7,"column":22},"end":{"line":165,"column":1}},"line":7},"1":{"name":"(anonymous_1)","decl":{"start":{"line":32,"column":19},"end":{"line":32,"column":20}},"loc":{"start":{"line":32,"column":25},"end":{"line":32,"column":78}},"line":32},"2":{"name":"(anonymous_2)","decl":{"start":{"line":34,"column":28},"end":{"line":34,"column":29}},"loc":{"start":{"line":34,"column":39},"end":{"line":38,"column":3}},"line":34},"3":{"name":"(anonymous_3)","decl":{"start":{"line":41,"column":24},"end":{"line":41,"column":25}},"loc":{"start":{"line":41,"column":34},"end":{"line":46,"column":3}},"line":41},"4":{"name":"(anonymous_4)","decl":{"start":{"line":43,"column":57},"end":{"line":43,"column":58}},"loc":{"start":{"line":43,"column":68},"end":{"line":43,"column":97}},"line":43},"5":{"name":"(anonymous_5)","decl":{"start":{"line":48,"column":12},"end":{"line":48,"column":13}},"loc":{"start":{"line":48,"column":18},"end":{"line":54,"column":3}},"line":48},"6":{"name":"(anonymous_6)","decl":{"start":{"line":51,"column":35},"end":{"line":51,"column":36}},"loc":{"start":{"line":51,"column":41},"end":{"line":51,"column":66}},"line":51},"7":{"name":"(anonymous_7)","decl":{"start":{"line":52,"column":13},"end":{"line":52,"column":14}},"loc":{"start":{"line":52,"column":19},"end":{"line":52,"column":42}},"line":52},"8":{"name":"(anonymous_8)","decl":{"start":{"line":56,"column":23},"end":{"line":56,"column":24}},"loc":{"start":{"line":56,"column":40},"end":{"line":122,"column":3}},"line":56}},"branchMap":{"0":{"loc":{"start":{"line":44,"column":28},"end":{"line":44,"column":84}},"type":"binary-expr","locations":[{"start":{"line":44,"column":28},"end":{"line":44,"column":58}},{"start":{"line":44,"column":62},"end":{"line":44,"column":84}}],"line":44},"1":{"loc":{"start":{"line":45,"column":11},"end":{"line":45,"column":50}},"type":"binary-expr","locations":[{"start":{"line":45,"column":11},"end":{"line":45,"column":31}},{"start":{"line":45,"column":35},"end":{"line":45,"column":50}}],"line":45},"2":{"loc":{"start":{"line":49,"column":4},"end":{"line":53,"column":5}},"type":"if","locations":[{"start":{"line":49,"column":4},"end":{"line":53,"column":5}},{"start":{},"end":{}}],"line":49},"3":{"loc":{"start":{"line":58,"column":4},"end":{"line":61,"column":5}},"type":"if","locations":[{"start":{"line":58,"column":4},"end":{"line":61,"column":5}},{"start":{},"end":{}}],"line":58},"4":{"loc":{"start":{"line":93,"column":21},"end":{"line":93,"column":51}},"type":"binary-expr","locations":[{"start":{"line":93,"column":21},"end":{"line":93,"column":29}},{"start":{"line":93,"column":33},"end":{"line":93,"column":51}}],"line":93},"5":{"loc":{"start":{"line":94,"column":20},"end":{"line":94,"column":48}},"type":"binary-expr","locations":[{"start":{"line":94,"column":20},"end":{"line":94,"column":27}},{"start":{"line":94,"column":31},"end":{"line":94,"column":48}}],"line":94},"6":{"loc":{"start":{"line":96,"column":17},"end":{"line":96,"column":121}},"type":"cond-expr","locations":[{"start":{"line":96,"column":29},"end":{"line":96,"column":88}},{"start":{"line":96,"column":91},"end":{"line":96,"column":121}}],"line":96},"7":{"loc":{"start":{"line":97,"column":6},"end":{"line":99,"column":7}},"type":"if","locations":[{"start":{"line":97,"column":6},"end":{"line":99,"column":7}},{"start":{},"end":{}}],"line":97},"8":{"loc":{"start":{"line":100,"column":6},"end":{"line":102,"column":7}},"type":"if","locations":[{"start":{"line":100,"column":6},"end":{"line":102,"column":7}},{"start":{},"end":{}}],"line":100},"9":{"loc":{"start":{"line":106,"column":13},"end":{"line":106,"column":45}},"type":"cond-expr","locations":[{"start":{"line":106,"column":22},"end":{"line":106,"column":40}},{"start":{"line":106,"column":43},"end":{"line":106,"column":45}}],"line":106},"10":{"loc":{"start":{"line":107,"column":12},"end":{"line":107,"column":42}},"type":"cond-expr","locations":[{"start":{"line":107,"column":20},"end":{"line":107,"column":37}},{"start":{"line":107,"column":40},"end":{"line":107,"column":42}}],"line":107},"11":{"loc":{"start":{"line":110,"column":6},"end":{"line":114,"column":7}},"type":"if","locations":[{"start":{"line":110,"column":6},"end":{"line":114,"column":7}},{"start":{"line":112,"column":13},"end":{"line":114,"column":7}}],"line":110},"12":{"loc":{"start":{"line":110,"column":10},"end":{"line":110,"column":72}},"type":"binary-expr","locations":[{"start":{"line":110,"column":10},"end":{"line":110,"column":29}},{"start":{"line":110,"column":33},"end":{"line":110,"column":51}},{"start":{"line":110,"column":55},"end":{"line":110,"column":72}}],"line":110},"13":{"loc":{"start":{"line":126,"column":9},"end":{"line":130,"column":9}},"type":"binary-expr","locations":[{"start":{"line":126,"column":9},"end":{"line":126,"column":24}},{"start":{"line":127,"column":12},"end":{"line":129,"column":18}}],"line":126},"14":{"loc":{"start":{"line":156,"column":17},"end":{"line":156,"column":60}},"type":"cond-expr","locations":[{"start":{"line":156,"column":27},"end":{"line":156,"column":42}},{"start":{"line":156,"column":45},"end":{"line":156,"column":60}}],"line":156},"15":{"loc":{"start":{"line":161,"column":11},"end":{"line":161,"column":81}},"type":"binary-expr","locations":[{"start":{"line":161,"column":11},"end":{"line":161,"column":24}},{"start":{"line":161,"column":28},"end":{"line":161,"column":81}}],"line":161}},"s":{"0":4,"1":4,"2":4,"3":4,"4":4,"5":4,"6":4,"7":4,"8":4,"9":4,"10":2,"11":4,"12":1,"13":1,"14":1,"15":4,"16":1,"17":1,"18":9,"19":1,"20":1,"21":4,"22":2,"23":0,"24":0,"25":0,"26":0,"27":0,"28":4,"29":1,"30":1,"31":1,"32":1,"33":0,"34":0,"35":0,"36":0,"37":0,"38":0,"39":0,"40":0,"41":0,"42":0,"43":0,"44":0,"45":0,"46":0,"47":0,"48":0,"49":0,"50":0,"51":0,"52":0,"53":0,"54":0,"55":0,"56":0,"57":0,"58":4},"f":{"0":4,"1":2,"2":1,"3":1,"4":9,"5":2,"6":0,"7":0,"8":1},"b":{"0":[1,0],"1":[1,0],"2":[0,2],"3":[1,0],"4":[0,0],"5":[0,0],"6":[0,0],"7":[0,0],"8":[0,0],"9":[0,0],"10":[0,0],"11":[0,0],"12":[0,0,0],"13":[4,0],"14":[0,4],"15":[4,1]},"_coverageSchema":"1a1c01bbd47fc00a2c39e90264f33305004495a9","hash":"1aa73349ae36fbf8ee0e14050ee2316b704c8c4f"}
,"/Users/miguelibrahim/Desktop/DesiCo/web-gen-app/src/reportWebVitals.js": {"path":"/Users/miguelibrahim/Desktop/DesiCo/web-gen-app/src/reportWebVitals.js","statementMap":{"0":{"start":{"line":1,"column":24},"end":{"line":11,"column":1}},"1":{"start":{"line":2,"column":2},"end":{"line":10,"column":3}},"2":{"start":{"line":3,"column":4},"end":{"line":9,"column":7}},"3":{"start":{"line":4,"column":6},"end":{"line":4,"column":26}},"4":{"start":{"line":5,"column":6},"end":{"line":5,"column":26}},"5":{"start":{"line":6,"column":6},"end":{"line":6,"column":26}},"6":{"start":{"line":7,"column":6},"end":{"line":7,"column":26}},"7":{"start":{"line":8,"column":6},"end":{"line":8,"column":27}}},"fnMap":{"0":{"name":"(anonymous_0)","decl":{"start":{"line":1,"column":24},"end":{"line":1,"column":25}},"loc":{"start":{"line":1,"column":39},"end":{"line":11,"column":1}},"line":1},"1":{"name":"(anonymous_1)","decl":{"start":{"line":3,"column":30},"end":{"line":3,"column":31}},"loc":{"start":{"line":3,"column":79},"end":{"line":9,"column":5}},"line":3}},"branchMap":{"0":{"loc":{"start":{"line":2,"column":2},"end":{"line":10,"column":3}},"type":"if","locations":[{"start":{"line":2,"column":2},"end":{"line":10,"column":3}},{"start":{},"end":{}}],"line":2},"1":{"loc":{"start":{"line":2,"column":6},"end":{"line":2,"column":52}},"type":"binary-expr","locations":[{"start":{"line":2,"column":6},"end":{"line":2,"column":17}},{"start":{"line":2,"column":21},"end":{"line":2,"column":52}}],"line":2}},"s":{"0":0,"1":0,"2":0,"3":0,"4":0,"5":0,"6":0,"7":0},"f":{"0":0,"1":0},"b":{"0":[0,0],"1":[0,0]}}
,"/Users/miguelibrahim/Desktop/DesiCo/web-gen-app/src/setupTests.js": {"path":"/Users/miguelibrahim/Desktop/DesiCo/web-gen-app/src/setupTests.js","statementMap":{},"fnMap":{},"branchMap":{},"s":{},"f":{},"b":{}}
}
